  1.cpp
c:\users\мсай\source\repos\fractals\fractals\1.cpp(32): warning C4244: аргумент: преобразование "double" в "T", возможна потеря данных
          with
          [
              T=float
          ]
c:\users\мсай\source\repos\fractals\fractals\1.cpp(35): warning C4244: аргумент: преобразование "double" в "float", возможна потеря данных
c:\users\мсай\source\repos\fractals\fractals\1.cpp(46): warning C4244: аргумент: преобразование "double" в "T", возможна потеря данных
          with
          [
              T=float
          ]
c:\users\мсай\source\repos\fractals\fractals\1.cpp(49): warning C4244: аргумент: преобразование "double" в "float", возможна потеря данных
c:\users\мсай\source\repos\fractals\fractals\1.cpp(58): warning C4244: аргумент: преобразование "double" в "float", возможна потеря данных
c:\users\мсай\source\repos\fractals\fractals\1.cpp(63): warning C4244: аргумент: преобразование "double" в "T", возможна потеря данных
          with
          [
              T=float
          ]
c:\users\мсай\source\repos\fractals\fractals\1.cpp(66): warning C4244: аргумент: преобразование "double" в "float", возможна потеря данных
c:\users\мсай\source\repos\fractals\fractals\1.cpp(71): warning C4244: аргумент: преобразование "double" в "T", возможна потеря данных
          with
          [
              T=float
          ]
c:\users\мсай\source\repos\fractals\fractals\1.cpp(101): warning C4244: аргумент: преобразование "double" в "float", возможна потеря данных
c:\users\мсай\source\repos\fractals\fractals\1.cpp(112): warning C4244: аргумент: преобразование "double" в "float", возможна потеря данных
c:\users\мсай\source\repos\fractals\fractals\1.cpp(163): warning C4018: <: несоответствие типов со знаком и без знака
c:\users\мсай\source\repos\fractals\fractals\1.cpp(169): warning C4018: <: несоответствие типов со знаком и без знака
  Fractals.vcxproj -> C:\Users\МСАЙ\source\repos\Fractals\Debug\Fractals.exe
